<?xml version="1.0" encoding="UTF-8"?>
<!-- Generated by org.testng.reporters.JUnitReportReporter -->
<testsuite hostname="LAPTOP-FS7DMKT8" failures="0" tests="1" name="com.com.Vtiger.ContactTest.CreateContactVtigerTest" time="32.663" errors="0" timestamp="2022-08-11T12:06:02 IST" skipped="0">
  <testcase classname="com.com.Vtiger.ContactTest.CreateContactVtigerTest" name="createContactVtiger" time="32.663"/>
  <system-out>
    <![CDATA[test is pass]]>
  </system-out>
</testsuite> <!-- com.com.Vtiger.ContactTest.CreateContactVtigerTest -->
