<?xml version="1.0" encoding="UTF-8"?>
<!-- Generated by org.testng.reporters.JUnitReportReporter -->
<testsuite hostname="LAPTOP-FS7DMKT8" failures="0" tests="3" name="com.crm.SDET37.BookingTicketsTest" time="0.024" errors="0" timestamp="2022-08-05T15:54:40 IST" skipped="0">
  <testcase classname="com.crm.SDET37.BookingTicketsTest" name="bookingTickets" time="0.016"/>
  <system-out/>
  <testcase classname="com.crm.SDET37.BookingTicketsTest" name="bookingTickets" time="0.004"/>
  <system-out/>
  <testcase classname="com.crm.SDET37.BookingTicketsTest" name="bookingTickets" time="0.004"/>
  <system-out/>
</testsuite> <!-- com.crm.SDET37.BookingTicketsTest -->
