<?xml version="1.0" encoding="UTF-8"?>
<!-- Generated by org.testng.reporters.JUnitReportReporter -->
<testsuite hostname="LAPTOP-FS7DMKT8" failures="0" tests="11" name="xpathWithFlipkart.dynamicXpth" time="102.967" errors="0" timestamp="2022-09-27T10:28:13 IST" skipped="0">
  <testcase classname="xpathWithFlipkart.dynamicXpth" name="bccScenarioTest" time="7.081"/>
  <system-out/>
  <testcase classname="xpathWithFlipkart.dynamicXpth" name="bccScenarioTest" time="16.672"/>
  <system-out/>
  <testcase classname="xpathWithFlipkart.dynamicXpth" name="bccScenarioTest" time="9.851"/>
  <system-out/>
  <testcase classname="xpathWithFlipkart.dynamicXpth" name="bccScenarioTest" time="10.903"/>
  <system-out/>
  <testcase classname="xpathWithFlipkart.dynamicXpth" name="bccScenarioTest" time="8.481"/>
  <system-out/>
  <testcase classname="xpathWithFlipkart.dynamicXpth" name="bccScenarioTest" time="7.068"/>
  <system-out/>
  <testcase classname="xpathWithFlipkart.dynamicXpth" name="bccScenarioTest" time="7.635"/>
  <system-out/>
  <testcase classname="xpathWithFlipkart.dynamicXpth" name="bccScenarioTest" time="6.772"/>
  <system-out/>
  <testcase classname="xpathWithFlipkart.dynamicXpth" name="bccScenarioTest" time="10.513"/>
  <system-out/>
  <testcase classname="xpathWithFlipkart.dynamicXpth" name="bccScenarioTest" time="8.828"/>
  <system-out/>
  <testcase classname="xpathWithFlipkart.dynamicXpth" name="bccScenarioTest" time="9.163"/>
  <system-out/>
</testsuite> <!-- xpathWithFlipkart.dynamicXpth -->
