<?xml version="1.0" encoding="UTF-8"?>
<!-- Generated by org.testng.reporters.JUnitReportReporter -->
<testsuite hostname="LAPTOP-FS7DMKT8" failures="0" tests="1" name="xpathWithFlipkart.ICCCountryRatings" time="70.590" errors="0" timestamp="2022-11-03T15:33:26 IST" skipped="0">
  <testcase classname="xpathWithFlipkart.ICCCountryRatings" name="ICCRanking" time="70.590"/>
  <system-out/>
</testsuite> <!-- xpathWithFlipkart.ICCCountryRatings -->
