<?xml version="1.0" encoding="UTF-8"?>
<!-- Generated by org.testng.reporters.JUnitReportReporter -->
<testsuite hostname="LAPTOP-FS7DMKT8" failures="0" tests="1" name="xpathWithFlipkart.getAllPhoneNames" time="27.729" errors="0" timestamp="2022-09-26T11:53:10 IST" skipped="0">
  <testcase classname="xpathWithFlipkart.getAllPhoneNames" name="getAllPhoneName" time="27.729"/>
  <system-out/>
</testsuite> <!-- xpathWithFlipkart.getAllPhoneNames -->
