<?xml version="1.0" encoding="UTF-8"?>
<!-- Generated by org.testng.reporters.JUnitReportReporter -->
<testsuite hostname="LAPTOP-FS7DMKT8" failures="0" tests="1" name="com.com.Vtiger.Organisation.CreateOrganationTest" time="26.093" errors="0" timestamp="2022-08-05T16:39:31 IST" skipped="0">
  <testcase classname="com.com.Vtiger.Organisation.CreateOrganationTest" name="createOrganationTest" time="26.093"/>
  <system-out/>
</testsuite> <!-- com.com.Vtiger.Organisation.CreateOrganationTest -->
