<?xml version="1.0" encoding="UTF-8"?>
<!-- Generated by org.testng.reporters.JUnitReportReporter -->
<testsuite hostname="LAPTOP-FS7DMKT8" failures="0" tests="1" name="example.exampleTest1ForMicPopUp" time="13.933" errors="0" timestamp="2022-09-28T16:18:20 IST" skipped="0">
  <testcase classname="example.exampleTest1ForMicPopUp" name="exampleTestMicPopUp" time="13.933"/>
  <system-out/>
</testsuite> <!-- example.exampleTest1ForMicPopUp -->
